# JRE version: Java(TM) SE Runtime Environment (8.0_131-b11) (build 1.8.0_131-b11)
# Java VM: Java HotSpot(TM) 64-Bit Server VM (25.131-b11 mixed mode bsd-amd64 compressed oops)
Heap:
 PSYoungGen      total 111616K, used 40325K [0x00000007aab00000, 0x00000007b5c00000, 0x00000007c0000000)
  eden space 104960K, 38% used [0x00000007aab00000,0x00000007ad261530,0x00000007b1180000)
  from space 6656K, 0% used [0x00000007b1180000,0x00000007b1180000,0x00000007b1800000)
  to   space 6656K, 0% used [0x00000007b5580000,0x00000007b5580000,0x00000007b5c00000)
 ParOldGen       total 29696K, used 8810K [0x0000000780000000, 0x0000000781d00000, 0x00000007aab00000)
  object space 29696K, 29% used [0x0000000780000000,0x000000078089a968,0x0000000781d00000)
 Metaspace       used 21465K, capacity 22200K, committed 22528K, reserved 1069056K
  class space    used 2782K, capacity 2958K, committed 3072K, reserved 1048576K
GC Heap History (10 events):
Event: 8.574 GC heap before
{Heap before GC invocations=8 (full 0):
 PSYoungGen      total 38912K, used 33613K [0x00000007aab00000, 0x00000007af800000, 0x00000007c0000000)
  eden space 32768K, 99% used [0x00000007aab00000,0x00000007acaf01a0,0x00000007acb00000)
  from space 6144K, 14% used [0x00000007acb00000,0x00000007acbe3568,0x00000007ad100000)
  to   space 6656K, 0% used [0x00000007af180000,0x00000007af180000,0x00000007af800000)
 ParOldGen       total 44032K, used 6767K [0x0000000780000000, 0x0000000782b00000, 0x00000007aab00000)
  object space 44032K, 15% used [0x0000000780000000,0x000000078069bd20,0x0000000782b00000)
 Metaspace       used 18701K, capacity 19368K, committed 19584K, reserved 1067008K
  class space    used 2462K, capacity 2620K, committed 2688K, reserved 1048576K
Event: 8.577 GC heap after
Heap after GC invocations=8 (full 0):
 PSYoungGen      total 72192K, used 192K [0x00000007aab00000, 0x00000007af800000, 0x00000007c0000000)
  eden space 65536K, 0% used [0x00000007aab00000,0x00000007aab00000,0x00000007aeb00000)
  from space 6656K, 2% used [0x00000007af180000,0x00000007af1b0278,0x00000007af800000)
  to   space 6656K, 0% used [0x00000007aeb00000,0x00000007aeb00000,0x00000007af180000)
 ParOldGen       total 44032K, used 7540K [0x0000000780000000, 0x0000000782b00000, 0x00000007aab00000)
  object space 44032K, 17% used [0x0000000780000000,0x000000078075d0f8,0x0000000782b00000)
 Metaspace       used 18701K, capacity 19368K, committed 19584K, reserved 1067008K
  class space    used 2462K, capacity 2620K, committed 2688K, reserved 1048576K
}
Event: 8.622 GC heap before
{Heap before GC invocations=9 (full 0):
 PSYoungGen      total 72192K, used 65654K [0x00000007aab00000, 0x00000007af800000, 0x00000007c0000000)
  eden space 65536K, 99% used [0x00000007aab00000,0x00000007aeaed8e0,0x00000007aeb00000)
  from space 6656K, 2% used [0x00000007af180000,0x00000007af1b0278,0x00000007af800000)
  to   space 6656K, 0% used [0x00000007aeb00000,0x00000007aeb00000,0x00000007af180000)
 ParOldGen       total 44032K, used 7540K [0x0000000780000000, 0x0000000782b00000, 0x00000007aab00000)
  object space 44032K, 17% used [0x0000000780000000,0x000000078075d0f8,0x0000000782b00000)
 Metaspace       used 18702K, capacity 19368K, committed 19584K, reserved 1067008K
  class space    used 2462K, capacity 2620K, committed 2688K, reserved 1048576K
Event: 8.624 GC heap after
Heap after GC invocations=9 (full 0):
 PSYoungGen      total 72192K, used 224K [0x00000007aab00000, 0x00000007b1e80000, 0x00000007c0000000)
  eden space 65536K, 0% used [0x00000007aab00000,0x00000007aab00000,0x00000007aeb00000)
  from space 6656K, 3% used [0x00000007aeb00000,0x00000007aeb38198,0x00000007af180000)
  to   space 6656K, 0% used [0x00000007b1800000,0x00000007b1800000,0x00000007b1e80000)
 ParOldGen       total 44032K, used 7548K [0x0000000780000000, 0x0000000782b00000, 0x00000007aab00000)
  object space 44032K, 17% used [0x0000000780000000,0x000000078075f0f8,0x0000000782b00000)
 Metaspace       used 18702K, capacity 19368K, committed 19584K, reserved 1067008K
  class space    used 2462K, capacity 2620K, committed 2688K, reserved 1048576K
}
Event: 8.650 GC heap before
{Heap before GC invocations=10 (full 0):
 PSYoungGen      total 72192K, used 65683K [0x00000007aab00000, 0x00000007b1e80000, 0x00000007c0000000)
  eden space 65536K, 99% used [0x00000007aab00000,0x00000007aeaecce8,0x00000007aeb00000)
  from space 6656K, 3% used [0x00000007aeb00000,0x00000007aeb38198,0x00000007af180000)
  to   space 6656K, 0% used [0x00000007b1800000,0x00000007b1800000,0x00000007b1e80000)
 ParOldGen       total 44032K, used 7548K [0x0000000780000000, 0x0000000782b00000, 0x00000007aab00000)
  object space 44032K, 17% used [0x0000000780000000,0x000000078075f0f8,0x0000000782b00000)
 Metaspace       used 18703K, capacity 19368K, committed 19584K, reserved 1067008K
  class space    used 2462K, capacity 2620K, committed 2688K, reserved 1048576K
Event: 8.653 GC heap after
Heap after GC invocations=10 (full 0):
 PSYoungGen      total 111616K, used 437K [0x00000007aab00000, 0x00000007b1e80000, 0x00000007c0000000)
  eden space 104960K, 0% used [0x00000007aab00000,0x00000007aab00000,0x00000007b1180000)
  from space 6656K, 6% used [0x00000007b1800000,0x00000007b186d6b0,0x00000007b1e80000)
  to   space 6656K, 0% used [0x00000007b1180000,0x00000007b1180000,0x00000007b1800000)
 ParOldGen       total 44032K, used 7548K [0x0000000780000000, 0x0000000782b00000, 0x00000007aab00000)
  object space 44032K, 17% used [0x0000000780000000,0x000000078075f0f8,0x0000000782b00000)
 Metaspace       used 18703K, capacity 19368K, committed 19584K, reserved 1067008K
  class space    used 2462K, capacity 2620K, committed 2688K, reserved 1048576K
}
Event: 17.314 GC heap before
{Heap before GC invocations=11 (full 0):
 PSYoungGen      total 111616K, used 48658K [0x00000007aab00000, 0x00000007b1e80000, 0x00000007c0000000)
  eden space 104960K, 45% used [0x00000007aab00000,0x00000007ada17398,0x00000007b1180000)
  from space 6656K, 6% used [0x00000007b1800000,0x00000007b186d6b0,0x00000007b1e80000)
  to   space 6656K, 0% used [0x00000007b1180000,0x00000007b1180000,0x00000007b1800000)
 ParOldGen       total 44032K, used 7548K [0x0000000780000000, 0x0000000782b00000, 0x00000007aab00000)
  object space 44032K, 17% used [0x0000000780000000,0x000000078075f0f8,0x0000000782b00000)
 Metaspace       used 20508K, capacity 21210K, committed 21296K, reserved 1067008K
  class space    used 2709K, capacity 2897K, committed 2944K, reserved 1048576K
Event: 17.340 GC heap after
Heap after GC invocations=11 (full 0):
 PSYoungGen      total 111616K, used 2954K [0x00000007aab00000, 0x00000007b5c00000, 0x00000007c0000000)
  eden space 104960K, 0% used [0x00000007aab00000,0x00000007aab00000,0x00000007b1180000)
  from space 6656K, 44% used [0x00000007b1180000,0x00000007b14629a8,0x00000007b1800000)
  to   space 6656K, 0% used [0x00000007b5580000,0x00000007b5580000,0x00000007b5c00000)
 ParOldGen       total 44032K, used 7556K [0x0000000780000000, 0x0000000782b00000, 0x00000007aab00000)
  object space 44032K, 17% used [0x0000000780000000,0x00000007807610f8,0x0000000782b00000)
 Metaspace       used 20508K, capacity 21210K, committed 21296K, reserved 1067008K
  class space    used 2709K, capacity 2897K, committed 2944K, reserved 1048576K
}
Event: 17.340 GC heap before
{Heap before GC invocations=12 (full 1):
 PSYoungGen      total 111616K, used 2954K [0x00000007aab00000, 0x00000007b5c00000, 0x00000007c0000000)
  eden space 104960K, 0% used [0x00000007aab00000,0x00000007aab00000,0x00000007b1180000)
  from space 6656K, 44% used [0x00000007b1180000,0x00000007b14629a8,0x00000007b1800000)
  to   space 6656K, 0% used [0x00000007b5580000,0x00000007b5580000,0x00000007b5c00000)
 ParOldGen       total 44032K, used 7556K [0x0000000780000000, 0x0000000782b00000, 0x00000007aab00000)
  object space 44032K, 17% used [0x0000000780000000,0x00000007807610f8,0x0000000782b00000)
 Metaspace       used 20508K, capacity 21210K, committed 21296K, reserved 1067008K
  class space    used 2709K, capacity 2897K, committed 2944K, reserved 1048576K
Event: 17.424 GC heap after
Heap after GC invocations=12 (full 1):
 PSYoungGen      total 111616K, used 0K [0x00000007aab00000, 0x00000007b5c00000, 0x00000007c0000000)
  eden space 104960K, 0% used [0x00000007aab00000,0x00000007aab00000,0x00000007b1180000)
  from space 6656K, 0% used [0x00000007b1180000,0x00000007b1180000,0x00000007b1800000)
  to   space 6656K, 0% used [0x00000007b5580000,0x00000007b5580000,0x00000007b5c00000)
 ParOldGen       total 29696K, used 8810K [0x0000000780000000, 0x0000000781d00000, 0x00000007aab00000)
  object space 29696K, 29% used [0x0000000780000000,0x000000078089a968,0x0000000781d00000)
 Metaspace       used 20502K, capacity 21198K, committed 21296K, reserved 1067008K
  class space    used 2708K, capacity 2895K, committed 2944K, reserved 1048576K
}

