# JRE version: Java(TM) SE Runtime Environment (8.0_131-b11) (build 1.8.0_131-b11)
# Java VM: Java HotSpot(TM) 64-Bit Server VM (25.131-b11 mixed mode bsd-amd64 compressed oops)
Heap:
 PSYoungGen      total 172544K, used 15744K [0x00000007aab00000, 0x00000007b5e00000, 0x00000007c0000000)
  eden space 165888K, 5% used [0x00000007aab00000,0x00000007ab3e79a0,0x00000007b4d00000)
  from space 6656K, 99% used [0x00000007b5580000,0x00000007b5bf88f8,0x00000007b5c00000)
  to   space 8704K, 0% used [0x00000007b4d00000,0x00000007b4d00000,0x00000007b5580000)
 ParOldGen       total 29184K, used 12090K [0x0000000780000000, 0x0000000781c80000, 0x00000007aab00000)
  object space 29184K, 41% used [0x0000000780000000,0x0000000780bce8e0,0x0000000781c80000)
 Metaspace       used 22966K, capacity 23868K, committed 24192K, reserved 1071104K
  class space    used 2926K, capacity 3120K, committed 3200K, reserved 1048576K
GC Heap History (10 events):
Event: 20.418 GC heap before
{Heap before GC invocations=9 (full 0):
 PSYoungGen      total 71680K, used 65649K [0x00000007aab00000, 0x00000007af700000, 0x00000007c0000000)
  eden space 65536K, 99% used [0x00000007aab00000,0x00000007aeae3ee8,0x00000007aeb00000)
  from space 6144K, 3% used [0x00000007af100000,0x00000007af1385d8,0x00000007af700000)
  to   space 6144K, 0% used [0x00000007aeb00000,0x00000007aeb00000,0x00000007af100000)
 ParOldGen       total 44032K, used 7185K [0x0000000780000000, 0x0000000782b00000, 0x00000007aab00000)
  object space 44032K, 16% used [0x0000000780000000,0x0000000780704658,0x0000000782b00000)
 Metaspace       used 18504K, capacity 19156K, committed 19328K, reserved 1067008K
  class space    used 2435K, capacity 2616K, committed 2688K, reserved 1048576K
Event: 20.422 GC heap after
Heap after GC invocations=9 (full 0):
 PSYoungGen      total 71680K, used 256K [0x00000007aab00000, 0x00000007b1e80000, 0x00000007c0000000)
  eden space 65536K, 0% used [0x00000007aab00000,0x00000007aab00000,0x00000007aeb00000)
  from space 6144K, 4% used [0x00000007aeb00000,0x00000007aeb40390,0x00000007af100000)
  to   space 6656K, 0% used [0x00000007b1800000,0x00000007b1800000,0x00000007b1e80000)
 ParOldGen       total 44032K, used 7193K [0x0000000780000000, 0x0000000782b00000, 0x00000007aab00000)
  object space 44032K, 16% used [0x0000000780000000,0x0000000780706658,0x0000000782b00000)
 Metaspace       used 18504K, capacity 19156K, committed 19328K, reserved 1067008K
  class space    used 2435K, capacity 2616K, committed 2688K, reserved 1048576K
}
Event: 20.454 GC heap before
{Heap before GC invocations=10 (full 0):
 PSYoungGen      total 71680K, used 65667K [0x00000007aab00000, 0x00000007b1e80000, 0x00000007c0000000)
  eden space 65536K, 99% used [0x00000007aab00000,0x00000007aeae0bd0,0x00000007aeb00000)
  from space 6144K, 4% used [0x00000007aeb00000,0x00000007aeb40390,0x00000007af100000)
  to   space 6656K, 0% used [0x00000007b1800000,0x00000007b1800000,0x00000007b1e80000)
 ParOldGen       total 44032K, used 7193K [0x0000000780000000, 0x0000000782b00000, 0x00000007aab00000)
  object space 44032K, 16% used [0x0000000780000000,0x0000000780706658,0x0000000782b00000)
 Metaspace       used 18504K, capacity 19156K, committed 19328K, reserved 1067008K
  class space    used 2435K, capacity 2616K, committed 2688K, reserved 1048576K
Event: 20.455 GC heap after
Heap after GC invocations=10 (full 0):
 PSYoungGen      total 110592K, used 251K [0x00000007aab00000, 0x00000007b1d80000, 0x00000007c0000000)
  eden space 104960K, 0% used [0x00000007aab00000,0x00000007aab00000,0x00000007b1180000)
  from space 5632K, 4% used [0x00000007b1800000,0x00000007b183ed08,0x00000007b1d80000)
  to   space 6144K, 0% used [0x00000007b1180000,0x00000007b1180000,0x00000007b1780000)
 ParOldGen       total 44032K, used 7193K [0x0000000780000000, 0x0000000782b00000, 0x00000007aab00000)
  object space 44032K, 16% used [0x0000000780000000,0x0000000780706658,0x0000000782b00000)
 Metaspace       used 18504K, capacity 19156K, committed 19328K, reserved 1067008K
  class space    used 2435K, capacity 2616K, committed 2688K, reserved 1048576K
}
Event: 22.367 GC heap before
{Heap before GC invocations=11 (full 0):
 PSYoungGen      total 110592K, used 45031K [0x00000007aab00000, 0x00000007b1d80000, 0x00000007c0000000)
  eden space 104960K, 42% used [0x00000007aab00000,0x00000007ad6bb2a8,0x00000007b1180000)
  from space 5632K, 4% used [0x00000007b1800000,0x00000007b183ed08,0x00000007b1d80000)
  to   space 6144K, 0% used [0x00000007b1180000,0x00000007b1180000,0x00000007b1780000)
 ParOldGen       total 44032K, used 7193K [0x0000000780000000, 0x0000000782b00000, 0x00000007aab00000)
  object space 44032K, 16% used [0x0000000780000000,0x0000000780706658,0x0000000782b00000)
 Metaspace       used 20542K, capacity 21212K, committed 21296K, reserved 1067008K
  class space    used 2733K, capacity 2904K, committed 2944K, reserved 1048576K
Event: 22.393 GC heap after
Heap after GC invocations=11 (full 0):
 PSYoungGen      total 111104K, used 3627K [0x00000007aab00000, 0x00000007b5c00000, 0x00000007c0000000)
  eden space 104960K, 0% used [0x00000007aab00000,0x00000007aab00000,0x00000007b1180000)
  from space 6144K, 59% used [0x00000007b1180000,0x00000007b150af38,0x00000007b1780000)
  to   space 6656K, 0% used [0x00000007b5580000,0x00000007b5580000,0x00000007b5c00000)
 ParOldGen       total 44032K, used 7225K [0x0000000780000000, 0x0000000782b00000, 0x00000007aab00000)
  object space 44032K, 16% used [0x0000000780000000,0x000000078070e658,0x0000000782b00000)
 Metaspace       used 20542K, capacity 21212K, committed 21296K, reserved 1067008K
  class space    used 2733K, capacity 2904K, committed 2944K, reserved 1048576K
}
Event: 22.394 GC heap before
{Heap before GC invocations=12 (full 1):
 PSYoungGen      total 111104K, used 3627K [0x00000007aab00000, 0x00000007b5c00000, 0x00000007c0000000)
  eden space 104960K, 0% used [0x00000007aab00000,0x00000007aab00000,0x00000007b1180000)
  from space 6144K, 59% used [0x00000007b1180000,0x00000007b150af38,0x00000007b1780000)
  to   space 6656K, 0% used [0x00000007b5580000,0x00000007b5580000,0x00000007b5c00000)
 ParOldGen       total 44032K, used 7225K [0x0000000780000000, 0x0000000782b00000, 0x00000007aab00000)
  object space 44032K, 16% used [0x0000000780000000,0x000000078070e658,0x0000000782b00000)
 Metaspace       used 20542K, capacity 21212K, committed 21296K, reserved 1067008K
  class space    used 2733K, capacity 2904K, committed 2944K, reserved 1048576K
Event: 22.486 GC heap after
Heap after GC invocations=12 (full 1):
 PSYoungGen      total 111104K, used 0K [0x00000007aab00000, 0x00000007b5c00000, 0x00000007c0000000)
  eden space 104960K, 0% used [0x00000007aab00000,0x00000007aab00000,0x00000007b1180000)
  from space 6144K, 0% used [0x00000007b1180000,0x00000007b1180000,0x00000007b1780000)
  to   space 6656K, 0% used [0x00000007b5580000,0x00000007b5580000,0x00000007b5c00000)
 ParOldGen       total 29184K, used 9043K [0x0000000780000000, 0x0000000781c80000, 0x00000007aab00000)
  object space 29184K, 30% used [0x0000000780000000,0x00000007808d4f48,0x0000000781c80000)
 Metaspace       used 20535K, capacity 21200K, committed 21296K, reserved 1067008K
  class space    used 2732K, capacity 2902K, committed 2944K, reserved 1048576K
}
Event: 82.092 GC heap before
{Heap before GC invocations=13 (full 1):
 PSYoungGen      total 111104K, used 104933K [0x00000007aab00000, 0x00000007b5c00000, 0x00000007c0000000)
  eden space 104960K, 99% used [0x00000007aab00000,0x00000007b11796d0,0x00000007b1180000)
  from space 6144K, 0% used [0x00000007b1180000,0x00000007b1180000,0x00000007b1780000)
  to   space 6656K, 0% used [0x00000007b5580000,0x00000007b5580000,0x00000007b5c00000)
 ParOldGen       total 29184K, used 9043K [0x0000000780000000, 0x0000000781c80000, 0x00000007aab00000)
  object space 29184K, 30% used [0x0000000780000000,0x00000007808d4f48,0x0000000781c80000)
 Metaspace       used 22947K, capacity 23868K, committed 24192K, reserved 1071104K
  class space    used 2926K, capacity 3120K, committed 3200K, reserved 1048576K
Event: 82.177 GC heap after
Heap after GC invocations=13 (full 1):
 PSYoungGen      total 172544K, used 6626K [0x00000007aab00000, 0x00000007b5e00000, 0x00000007c0000000)
  eden space 165888K, 0% used [0x00000007aab00000,0x00000007aab00000,0x00000007b4d00000)
  from space 6656K, 99% used [0x00000007b5580000,0x00000007b5bf88f8,0x00000007b5c00000)
  to   space 8704K, 0% used [0x00000007b4d00000,0x00000007b4d00000,0x00000007b5580000)
 ParOldGen       total 29184K, used 12090K [0x0000000780000000, 0x0000000781c80000, 0x00000007aab00000)
  object space 29184K, 41% used [0x0000000780000000,0x0000000780bce8e0,0x0000000781c80000)
 Metaspace       used 22947K, capacity 23868K, committed 24192K, reserved 1071104K
  class space    used 2926K, capacity 3120K, committed 3200K, reserved 1048576K
}

