# JRE version: Java(TM) SE Runtime Environment (8.0_131-b11) (build 1.8.0_131-b11)
# Java VM: Java HotSpot(TM) 64-Bit Server VM (25.131-b11 mixed mode bsd-amd64 compressed oops)
Heap:
 PSYoungGen      total 137216K, used 21640K [0x00000007aab00000, 0x00000007b8500000, 0x00000007c0000000)
  eden space 131072K, 16% used [0x00000007aab00000,0x00000007ac022380,0x00000007b2b00000)
  from space 6144K, 0% used [0x00000007b2b00000,0x00000007b2b00000,0x00000007b3100000)
  to   space 6656K, 0% used [0x00000007b7e80000,0x00000007b7e80000,0x00000007b8500000)
 ParOldGen       total 34816K, used 12234K [0x0000000780000000, 0x0000000782200000, 0x00000007aab00000)
  object space 34816K, 35% used [0x0000000780000000,0x0000000780bf2990,0x0000000782200000)
 Metaspace       used 20982K, capacity 21792K, committed 21888K, reserved 1069056K
  class space    used 2744K, capacity 2916K, committed 2944K, reserved 1048576K
GC Heap History (10 events):
Event: 7.316 GC heap before
{Heap before GC invocations=6 (full 0):
 PSYoungGen      total 35328K, used 35232K [0x00000007aab00000, 0x00000007af700000, 0x00000007c0000000)
  eden space 32768K, 99% used [0x00000007aab00000,0x00000007acaee320,0x00000007acb00000)
  from space 2560K, 99% used [0x00000007acb00000,0x00000007acd7a060,0x00000007acd80000)
  to   space 6144K, 0% used [0x00000007af100000,0x00000007af100000,0x00000007af700000)
 ParOldGen       total 44032K, used 4689K [0x0000000780000000, 0x0000000782b00000, 0x00000007aab00000)
  object space 44032K, 10% used [0x0000000780000000,0x00000007804944d8,0x0000000782b00000)
 Metaspace       used 18317K, capacity 18988K, committed 19328K, reserved 1067008K
  class space    used 2405K, capacity 2582K, committed 2688K, reserved 1048576K
Event: 7.329 GC heap after
Heap after GC invocations=6 (full 0):
 PSYoungGen      total 71680K, used 2591K [0x00000007aab00000, 0x00000007af700000, 0x00000007c0000000)
  eden space 65536K, 0% used [0x00000007aab00000,0x00000007aab00000,0x00000007aeb00000)
  from space 6144K, 42% used [0x00000007af100000,0x00000007af387ce8,0x00000007af700000)
  to   space 6144K, 0% used [0x00000007aeb00000,0x00000007aeb00000,0x00000007af100000)
 ParOldGen       total 44032K, used 4697K [0x0000000780000000, 0x0000000782b00000, 0x00000007aab00000)
  object space 44032K, 10% used [0x0000000780000000,0x00000007804964d8,0x0000000782b00000)
 Metaspace       used 18317K, capacity 18988K, committed 19328K, reserved 1067008K
  class space    used 2405K, capacity 2582K, committed 2688K, reserved 1048576K
}
Event: 7.477 GC heap before
{Heap before GC invocations=7 (full 0):
 PSYoungGen      total 71680K, used 67990K [0x00000007aab00000, 0x00000007af700000, 0x00000007c0000000)
  eden space 65536K, 99% used [0x00000007aab00000,0x00000007aeaddb40,0x00000007aeb00000)
  from space 6144K, 42% used [0x00000007af100000,0x00000007af387ce8,0x00000007af700000)
  to   space 6144K, 0% used [0x00000007aeb00000,0x00000007aeb00000,0x00000007af100000)
 ParOldGen       total 44032K, used 4697K [0x0000000780000000, 0x0000000782b00000, 0x00000007aab00000)
  object space 44032K, 10% used [0x0000000780000000,0x00000007804964d8,0x0000000782b00000)
 Metaspace       used 18320K, capacity 18988K, committed 19328K, reserved 1067008K
  class space    used 2406K, capacity 2582K, committed 2688K, reserved 1048576K
Event: 7.504 GC heap after
Heap after GC invocations=7 (full 0):
 PSYoungGen      total 71680K, used 753K [0x00000007aab00000, 0x00000007b3700000, 0x00000007c0000000)
  eden space 65536K, 0% used [0x00000007aab00000,0x00000007aab00000,0x00000007aeb00000)
  from space 6144K, 12% used [0x00000007aeb00000,0x00000007aebbc718,0x00000007af100000)
  to   space 6144K, 0% used [0x00000007b3100000,0x00000007b3100000,0x00000007b3700000)
 ParOldGen       total 44032K, used 6609K [0x0000000780000000, 0x0000000782b00000, 0x00000007aab00000)
  object space 44032K, 15% used [0x0000000780000000,0x0000000780674588,0x0000000782b00000)
 Metaspace       used 18320K, capacity 18988K, committed 19328K, reserved 1067008K
  class space    used 2406K, capacity 2582K, committed 2688K, reserved 1048576K
}
Event: 7.535 GC heap before
{Heap before GC invocations=8 (full 0):
 PSYoungGen      total 71680K, used 66256K [0x00000007aab00000, 0x00000007b3700000, 0x00000007c0000000)
  eden space 65536K, 99% used [0x00000007aab00000,0x00000007aeaf7bc0,0x00000007aeb00000)
  from space 6144K, 12% used [0x00000007aeb00000,0x00000007aebbc718,0x00000007af100000)
  to   space 6144K, 0% used [0x00000007b3100000,0x00000007b3100000,0x00000007b3700000)
 ParOldGen       total 44032K, used 6609K [0x0000000780000000, 0x0000000782b00000, 0x00000007aab00000)
  object space 44032K, 15% used [0x0000000780000000,0x0000000780674588,0x0000000782b00000)
 Metaspace       used 18321K, capacity 18988K, committed 19328K, reserved 1067008K
  class space    used 2406K, capacity 2582K, committed 2688K, reserved 1048576K
Event: 7.537 GC heap after
Heap after GC invocations=8 (full 0):
 PSYoungGen      total 137216K, used 302K [0x00000007aab00000, 0x00000007b3700000, 0x00000007c0000000)
  eden space 131072K, 0% used [0x00000007aab00000,0x00000007aab00000,0x00000007b2b00000)
  from space 6144K, 4% used [0x00000007b3100000,0x00000007b314b990,0x00000007b3700000)
  to   space 6144K, 0% used [0x00000007b2b00000,0x00000007b2b00000,0x00000007b3100000)
 ParOldGen       total 44032K, used 7138K [0x0000000780000000, 0x0000000782b00000, 0x00000007aab00000)
  object space 44032K, 16% used [0x0000000780000000,0x00000007806f8b88,0x0000000782b00000)
 Metaspace       used 18321K, capacity 18988K, committed 19328K, reserved 1067008K
  class space    used 2406K, capacity 2582K, committed 2688K, reserved 1048576K
}
Event: 10.617 GC heap before
{Heap before GC invocations=9 (full 0):
 PSYoungGen      total 137216K, used 82023K [0x00000007aab00000, 0x00000007b3700000, 0x00000007c0000000)
  eden space 131072K, 62% used [0x00000007aab00000,0x00000007aface448,0x00000007b2b00000)
  from space 6144K, 4% used [0x00000007b3100000,0x00000007b314b990,0x00000007b3700000)
  to   space 6144K, 0% used [0x00000007b2b00000,0x00000007b2b00000,0x00000007b3100000)
 ParOldGen       total 44032K, used 7138K [0x0000000780000000, 0x0000000782b00000, 0x00000007aab00000)
  object space 44032K, 16% used [0x0000000780000000,0x00000007806f8b88,0x0000000782b00000)
 Metaspace       used 20485K, capacity 21216K, committed 21296K, reserved 1067008K
  class space    used 2724K, capacity 2906K, committed 2944K, reserved 1048576K
Event: 10.652 GC heap after
Heap after GC invocations=9 (full 0):
 PSYoungGen      total 137216K, used 4775K [0x00000007aab00000, 0x00000007b8500000, 0x00000007c0000000)
  eden space 131072K, 0% used [0x00000007aab00000,0x00000007aab00000,0x00000007b2b00000)
  from space 6144K, 77% used [0x00000007b2b00000,0x00000007b2fa9d28,0x00000007b3100000)
  to   space 6656K, 0% used [0x00000007b7e80000,0x00000007b7e80000,0x00000007b8500000)
 ParOldGen       total 44032K, used 11242K [0x0000000780000000, 0x0000000782b00000, 0x00000007aab00000)
  object space 44032K, 25% used [0x0000000780000000,0x0000000780afaba8,0x0000000782b00000)
 Metaspace       used 20485K, capacity 21216K, committed 21296K, reserved 1067008K
  class space    used 2724K, capacity 2906K, committed 2944K, reserved 1048576K
}
Event: 10.652 GC heap before
{Heap before GC invocations=10 (full 1):
 PSYoungGen      total 137216K, used 4775K [0x00000007aab00000, 0x00000007b8500000, 0x00000007c0000000)
  eden space 131072K, 0% used [0x00000007aab00000,0x00000007aab00000,0x00000007b2b00000)
  from space 6144K, 77% used [0x00000007b2b00000,0x00000007b2fa9d28,0x00000007b3100000)
  to   space 6656K, 0% used [0x00000007b7e80000,0x00000007b7e80000,0x00000007b8500000)
 ParOldGen       total 44032K, used 11242K [0x0000000780000000, 0x0000000782b00000, 0x00000007aab00000)
  object space 44032K, 25% used [0x0000000780000000,0x0000000780afaba8,0x0000000782b00000)
 Metaspace       used 20485K, capacity 21216K, committed 21296K, reserved 1067008K
  class space    used 2724K, capacity 2906K, committed 2944K, reserved 1048576K
Event: 10.742 GC heap after
Heap after GC invocations=10 (full 1):
 PSYoungGen      total 137216K, used 0K [0x00000007aab00000, 0x00000007b8500000, 0x00000007c0000000)
  eden space 131072K, 0% used [0x00000007aab00000,0x00000007aab00000,0x00000007b2b00000)
  from space 6144K, 0% used [0x00000007b2b00000,0x00000007b2b00000,0x00000007b3100000)
  to   space 6656K, 0% used [0x00000007b7e80000,0x00000007b7e80000,0x00000007b8500000)
 ParOldGen       total 34816K, used 12234K [0x0000000780000000, 0x0000000782200000, 0x00000007aab00000)
  object space 34816K, 35% used [0x0000000780000000,0x0000000780bf2990,0x0000000782200000)
 Metaspace       used 20474K, capacity 21198K, committed 21296K, reserved 1067008K
  class space    used 2722K, capacity 2903K, committed 2944K, reserved 1048576K
}

